2019-11-11 16:55:16,719 - SimpleLog4JLogSystem initialized using logfile 'velocity.log'
2019-11-11 16:55:16,720 - ************************************************************** 
2019-11-11 16:55:16,720 - Starting Jakarta Velocity v1.4
2019-11-11 16:55:16,720 - RuntimeInstance initializing.
2019-11-11 16:55:16,720 - Default Properties File: org/apache/velocity/runtime/defaults/velocity.properties
2019-11-11 16:55:16,720 - Trying to use logger class org.apache.velocity.runtime.log.SimpleLog4JLogSystem
2019-11-11 16:55:16,720 - Using logger class org.apache.velocity.runtime.log.SimpleLog4JLogSystem
2019-11-11 16:55:16,722 - Default ResourceManager initializing. (class org.apache.velocity.runtime.resource.ResourceManagerImpl)
2019-11-11 16:55:16,723 - Resource Loader Instantiated: org.apache.velocity.runtime.resource.loader.ClasspathResourceLoader
2019-11-11 16:55:16,723 - ClasspathResourceLoader : initialization starting.
2019-11-11 16:55:16,723 - ClasspathResourceLoader : initialization complete.
2019-11-11 16:55:16,723 - ResourceCache : initialized. (class org.apache.velocity.runtime.resource.ResourceCacheImpl)
2019-11-11 16:55:16,724 - Default ResourceManager initialization complete.
2019-11-11 16:55:16,725 - Loaded System Directive: org.apache.velocity.runtime.directive.Literal
2019-11-11 16:55:16,725 - Loaded System Directive: org.apache.velocity.runtime.directive.Macro
2019-11-11 16:55:16,727 - Loaded System Directive: org.apache.velocity.runtime.directive.Parse
2019-11-11 16:55:16,728 - Loaded System Directive: org.apache.velocity.runtime.directive.Include
2019-11-11 16:55:16,728 - Loaded System Directive: org.apache.velocity.runtime.directive.Foreach
2019-11-11 16:55:16,751 - Created: 20 parsers.
2019-11-11 16:55:16,754 - Velocimacro : initialization starting.
2019-11-11 16:55:16,754 - Velocimacro : adding VMs from VM library template : VM_global_library.vm
2019-11-11 16:55:16,756 - ResourceManager : unable to find resource 'VM_global_library.vm' in any resource loader.
2019-11-11 16:55:16,756 - Velocimacro : error using  VM library template VM_global_library.vm : org.apache.velocity.exception.ResourceNotFoundException: Unable to find resource 'VM_global_library.vm'
2019-11-11 16:55:16,756 - Velocimacro :  VM library template macro registration complete.
2019-11-11 16:55:16,756 - Velocimacro : allowInline = true : VMs can be defined inline in templates
2019-11-11 16:55:16,756 - Velocimacro : allowInlineToOverride = false : VMs defined inline may NOT replace previous VM definitions
2019-11-11 16:55:16,756 - Velocimacro : allowInlineLocal = false : VMs defined inline will be  global in scope if allowed.
2019-11-11 16:55:16,756 - Velocimacro : messages on  : VM system will output logging messages
2019-11-11 16:55:16,756 - Velocimacro : autoload off  : VM system will not automatically reload global library macros
2019-11-11 16:55:16,756 - Velocimacro : initialization complete.
2019-11-11 16:55:16,756 - Velocity successfully started.
2019-11-11 16:56:01,262 - SimpleLog4JLogSystem initialized using logfile 'velocity.log'
2019-11-11 16:56:01,262 - ************************************************************** 
2019-11-11 16:56:01,262 - Starting Jakarta Velocity v1.4
2019-11-11 16:56:01,262 - RuntimeInstance initializing.
2019-11-11 16:56:01,262 - Default Properties File: org/apache/velocity/runtime/defaults/velocity.properties
2019-11-11 16:56:01,262 - Trying to use logger class org.apache.velocity.runtime.log.SimpleLog4JLogSystem
2019-11-11 16:56:01,262 - Using logger class org.apache.velocity.runtime.log.SimpleLog4JLogSystem
2019-11-11 16:56:01,264 - Default ResourceManager initializing. (class org.apache.velocity.runtime.resource.ResourceManagerImpl)
2019-11-11 16:56:01,265 - Resource Loader Instantiated: org.apache.velocity.runtime.resource.loader.ClasspathResourceLoader
2019-11-11 16:56:01,265 - ClasspathResourceLoader : initialization starting.
2019-11-11 16:56:01,265 - ClasspathResourceLoader : initialization complete.
2019-11-11 16:56:01,265 - ResourceCache : initialized. (class org.apache.velocity.runtime.resource.ResourceCacheImpl)
2019-11-11 16:56:01,266 - Default ResourceManager initialization complete.
2019-11-11 16:56:01,267 - Loaded System Directive: org.apache.velocity.runtime.directive.Literal
2019-11-11 16:56:01,268 - Loaded System Directive: org.apache.velocity.runtime.directive.Macro
2019-11-11 16:56:01,269 - Loaded System Directive: org.apache.velocity.runtime.directive.Parse
2019-11-11 16:56:01,269 - Loaded System Directive: org.apache.velocity.runtime.directive.Include
2019-11-11 16:56:01,270 - Loaded System Directive: org.apache.velocity.runtime.directive.Foreach
2019-11-11 16:56:01,287 - Created: 20 parsers.
2019-11-11 16:56:01,290 - Velocimacro : initialization starting.
2019-11-11 16:56:01,290 - Velocimacro : adding VMs from VM library template : VM_global_library.vm
2019-11-11 16:56:01,291 - ResourceManager : unable to find resource 'VM_global_library.vm' in any resource loader.
2019-11-11 16:56:01,291 - Velocimacro : error using  VM library template VM_global_library.vm : org.apache.velocity.exception.ResourceNotFoundException: Unable to find resource 'VM_global_library.vm'
2019-11-11 16:56:01,291 - Velocimacro :  VM library template macro registration complete.
2019-11-11 16:56:01,291 - Velocimacro : allowInline = true : VMs can be defined inline in templates
2019-11-11 16:56:01,291 - Velocimacro : allowInlineToOverride = false : VMs defined inline may NOT replace previous VM definitions
2019-11-11 16:56:01,291 - Velocimacro : allowInlineLocal = false : VMs defined inline will be  global in scope if allowed.
2019-11-11 16:56:01,291 - Velocimacro : messages on  : VM system will output logging messages
2019-11-11 16:56:01,291 - Velocimacro : autoload off  : VM system will not automatically reload global library macros
2019-11-11 16:56:01,291 - Velocimacro : initialization complete.
2019-11-11 16:56:01,291 - Velocity successfully started.
2019-11-11 16:58:36,957 - SimpleLog4JLogSystem initialized using logfile 'velocity.log'
2019-11-11 16:58:36,958 - ************************************************************** 
2019-11-11 16:58:36,958 - Starting Jakarta Velocity v1.4
2019-11-11 16:58:36,958 - RuntimeInstance initializing.
2019-11-11 16:58:36,958 - Default Properties File: org/apache/velocity/runtime/defaults/velocity.properties
2019-11-11 16:58:36,958 - Trying to use logger class org.apache.velocity.runtime.log.SimpleLog4JLogSystem
2019-11-11 16:58:36,958 - Using logger class org.apache.velocity.runtime.log.SimpleLog4JLogSystem
2019-11-11 16:58:36,960 - Default ResourceManager initializing. (class org.apache.velocity.runtime.resource.ResourceManagerImpl)
2019-11-11 16:58:36,961 - Resource Loader Instantiated: org.apache.velocity.runtime.resource.loader.ClasspathResourceLoader
2019-11-11 16:58:36,961 - ClasspathResourceLoader : initialization starting.
2019-11-11 16:58:36,961 - ClasspathResourceLoader : initialization complete.
2019-11-11 16:58:36,962 - ResourceCache : initialized. (class org.apache.velocity.runtime.resource.ResourceCacheImpl)
2019-11-11 16:58:36,962 - Default ResourceManager initialization complete.
2019-11-11 16:58:36,963 - Loaded System Directive: org.apache.velocity.runtime.directive.Literal
2019-11-11 16:58:36,964 - Loaded System Directive: org.apache.velocity.runtime.directive.Macro
2019-11-11 16:58:36,965 - Loaded System Directive: org.apache.velocity.runtime.directive.Parse
2019-11-11 16:58:36,966 - Loaded System Directive: org.apache.velocity.runtime.directive.Include
2019-11-11 16:58:36,967 - Loaded System Directive: org.apache.velocity.runtime.directive.Foreach
2019-11-11 16:58:36,990 - Created: 20 parsers.
2019-11-11 16:58:36,992 - Velocimacro : initialization starting.
2019-11-11 16:58:36,992 - Velocimacro : adding VMs from VM library template : VM_global_library.vm
2019-11-11 16:58:36,994 - ResourceManager : unable to find resource 'VM_global_library.vm' in any resource loader.
2019-11-11 16:58:36,994 - Velocimacro : error using  VM library template VM_global_library.vm : org.apache.velocity.exception.ResourceNotFoundException: Unable to find resource 'VM_global_library.vm'
2019-11-11 16:58:36,994 - Velocimacro :  VM library template macro registration complete.
2019-11-11 16:58:36,994 - Velocimacro : allowInline = true : VMs can be defined inline in templates
2019-11-11 16:58:36,994 - Velocimacro : allowInlineToOverride = false : VMs defined inline may NOT replace previous VM definitions
2019-11-11 16:58:36,994 - Velocimacro : allowInlineLocal = false : VMs defined inline will be  global in scope if allowed.
2019-11-11 16:58:36,994 - Velocimacro : messages on  : VM system will output logging messages
2019-11-11 16:58:36,994 - Velocimacro : autoload off  : VM system will not automatically reload global library macros
2019-11-11 16:58:36,994 - Velocimacro : initialization complete.
2019-11-11 16:58:36,994 - Velocity successfully started.
